0 info it worked if it ends with ok
1 verbose cli [ 'node', '/usr/local/bin/npm', 'install' ]
2 info using npm@2.0.0-beta.0
3 info using node@v0.10.31
4 verbose node symlink /usr/local/bin/node
5 warn package.json sseapp@0.0.0 No description
6 warn package.json sseapp@0.0.0 No repository field.
7 warn package.json sseapp@0.0.0 No README data
8 verbose readDependencies using package.json deps
9 verbose install where, deps [ '/Users/carminem/Sviluppo/angular/sseplayground/client',
9 verbose install   [ 'coffee-script',
9 verbose install     'grunt',
9 verbose install     'grunt-autoprefixer',
9 verbose install     'grunt-concurrent',
9 verbose install     'grunt-connect-proxy',
9 verbose install     'grunt-contrib-clean',
9 verbose install     'grunt-contrib-coffee',
9 verbose install     'grunt-contrib-compass',
9 verbose install     'grunt-contrib-concat',
9 verbose install     'grunt-contrib-connect',
9 verbose install     'grunt-contrib-copy',
9 verbose install     'grunt-contrib-cssmin',
9 verbose install     'grunt-contrib-htmlmin',
9 verbose install     'grunt-contrib-imagemin',
9 verbose install     'grunt-contrib-jshint',
9 verbose install     'grunt-contrib-uglify',
9 verbose install     'grunt-contrib-watch',
9 verbose install     'grunt-filerev',
9 verbose install     'grunt-google-cdn',
9 verbose install     'grunt-karma',
9 verbose install     'grunt-newer',
9 verbose install     'grunt-ngmin',
9 verbose install     'grunt-svgmin',
9 verbose install     'grunt-usemin',
9 verbose install     'grunt-wiredep',
9 verbose install     'jshint-stylish',
9 verbose install     'karma',
9 verbose install     'karma-coffee-preprocessor',
9 verbose install     'karma-jasmine',
9 verbose install     'karma-phantomjs-launcher',
9 verbose install     'load-grunt-tasks',
9 verbose install     'time-grunt' ] ]
10 info preinstall sseapp@0.0.0
11 verbose readDependencies using package.json deps
12 verbose already installed skipping grunt-connect-proxy@* /Users/carminem/Sviluppo/angular/sseplayground/client
13 verbose already installed skipping grunt-contrib-clean@* /Users/carminem/Sviluppo/angular/sseplayground/client
14 verbose already installed skipping grunt-contrib-coffee@* /Users/carminem/Sviluppo/angular/sseplayground/client
15 verbose already installed skipping grunt-contrib-compass@* /Users/carminem/Sviluppo/angular/sseplayground/client
16 verbose already installed skipping grunt-contrib-concat@* /Users/carminem/Sviluppo/angular/sseplayground/client
17 verbose already installed skipping grunt-contrib-connect@* /Users/carminem/Sviluppo/angular/sseplayground/client
18 verbose already installed skipping grunt-contrib-copy@* /Users/carminem/Sviluppo/angular/sseplayground/client
19 verbose already installed skipping grunt-contrib-cssmin@* /Users/carminem/Sviluppo/angular/sseplayground/client
20 verbose already installed skipping grunt-contrib-htmlmin@* /Users/carminem/Sviluppo/angular/sseplayground/client
21 verbose already installed skipping grunt-contrib-imagemin@* /Users/carminem/Sviluppo/angular/sseplayground/client
22 verbose already installed skipping grunt-contrib-jshint@* /Users/carminem/Sviluppo/angular/sseplayground/client
23 verbose already installed skipping grunt-contrib-uglify@* /Users/carminem/Sviluppo/angular/sseplayground/client
24 verbose already installed skipping grunt-contrib-watch@* /Users/carminem/Sviluppo/angular/sseplayground/client
25 verbose already installed skipping grunt-filerev@* /Users/carminem/Sviluppo/angular/sseplayground/client
26 verbose already installed skipping grunt-google-cdn@* /Users/carminem/Sviluppo/angular/sseplayground/client
27 verbose already installed skipping grunt-karma@* /Users/carminem/Sviluppo/angular/sseplayground/client
28 verbose already installed skipping grunt-newer@* /Users/carminem/Sviluppo/angular/sseplayground/client
29 verbose already installed skipping grunt-ngmin@* /Users/carminem/Sviluppo/angular/sseplayground/client
30 verbose already installed skipping grunt-svgmin@* /Users/carminem/Sviluppo/angular/sseplayground/client
31 verbose already installed skipping grunt-usemin@* /Users/carminem/Sviluppo/angular/sseplayground/client
32 verbose already installed skipping grunt-wiredep@* /Users/carminem/Sviluppo/angular/sseplayground/client
33 verbose already installed skipping jshint-stylish@* /Users/carminem/Sviluppo/angular/sseplayground/client
34 verbose already installed skipping karma@* /Users/carminem/Sviluppo/angular/sseplayground/client
35 verbose already installed skipping karma-coffee-preprocessor@* /Users/carminem/Sviluppo/angular/sseplayground/client
36 verbose already installed skipping karma-jasmine@* /Users/carminem/Sviluppo/angular/sseplayground/client
37 verbose already installed skipping karma-phantomjs-launcher@* /Users/carminem/Sviluppo/angular/sseplayground/client
38 verbose already installed skipping load-grunt-tasks@* /Users/carminem/Sviluppo/angular/sseplayground/client
39 verbose already installed skipping time-grunt@* /Users/carminem/Sviluppo/angular/sseplayground/client
40 verbose already installed skipping coffee-script@* /Users/carminem/Sviluppo/angular/sseplayground/client
41 verbose already installed skipping grunt@* /Users/carminem/Sviluppo/angular/sseplayground/client
42 verbose already installed skipping grunt-autoprefixer@* /Users/carminem/Sviluppo/angular/sseplayground/client
43 verbose already installed skipping grunt-concurrent@* /Users/carminem/Sviluppo/angular/sseplayground/client
44 silly resolved []
45 info build /Users/carminem/Sviluppo/angular/sseplayground/client
46 verbose linkStuff [ false,
46 verbose linkStuff   false,
46 verbose linkStuff   false,
46 verbose linkStuff   '/Users/carminem/Sviluppo/angular/sseplayground' ]
47 info linkStuff sseapp@0.0.0
48 verbose linkBins sseapp@0.0.0
49 verbose linkMans sseapp@0.0.0
50 verbose rebuildBundles sseapp@0.0.0
51 verbose rebuildBundles [ '.bin',
51 verbose rebuildBundles   'coffee-script',
51 verbose rebuildBundles   'grunt',
51 verbose rebuildBundles   'grunt-autoprefixer',
51 verbose rebuildBundles   'grunt-concurrent',
51 verbose rebuildBundles   'grunt-connect-proxy',
51 verbose rebuildBundles   'grunt-contrib-clean',
51 verbose rebuildBundles   'grunt-contrib-coffee',
51 verbose rebuildBundles   'grunt-contrib-compass',
51 verbose rebuildBundles   'grunt-contrib-concat',
51 verbose rebuildBundles   'grunt-contrib-connect',
51 verbose rebuildBundles   'grunt-contrib-copy',
51 verbose rebuildBundles   'grunt-contrib-cssmin',
51 verbose rebuildBundles   'grunt-contrib-htmlmin',
51 verbose rebuildBundles   'grunt-contrib-imagemin',
51 verbose rebuildBundles   'grunt-contrib-jshint',
51 verbose rebuildBundles   'grunt-contrib-uglify',
51 verbose rebuildBundles   'grunt-contrib-watch',
51 verbose rebuildBundles   'grunt-filerev',
51 verbose rebuildBundles   'grunt-google-cdn',
51 verbose rebuildBundles   'grunt-karma',
51 verbose rebuildBundles   'grunt-newer',
51 verbose rebuildBundles   'grunt-ngmin',
51 verbose rebuildBundles   'grunt-svgmin',
51 verbose rebuildBundles   'grunt-usemin',
51 verbose rebuildBundles   'grunt-wiredep',
51 verbose rebuildBundles   'jshint-stylish',
51 verbose rebuildBundles   'karma',
51 verbose rebuildBundles   'karma-coffee-preprocessor',
51 verbose rebuildBundles   'karma-jasmine',
51 verbose rebuildBundles   'karma-phantomjs-launcher',
51 verbose rebuildBundles   'load-grunt-tasks',
51 verbose rebuildBundles   'time-grunt' ]
52 info install sseapp@0.0.0
53 info postinstall sseapp@0.0.0
54 info prepublish sseapp@0.0.0
55 error peerinvalid The package grunt does not satisfy its siblings' peerDependencies requirements!
55 error peerinvalid Peer grunt-autoprefixer@0.7.3 wants grunt@~0.4.2
55 error peerinvalid Peer grunt-concurrent@0.5.0 wants grunt@~0.4.0
55 error peerinvalid Peer grunt-connect-proxy@0.1.10 wants grunt@~0.4.1
55 error peerinvalid Peer grunt-contrib-clean@0.5.0 wants grunt@~0.4.0
55 error peerinvalid Peer grunt-contrib-coffee@0.10.1 wants grunt@~0.4.0
55 error peerinvalid Peer grunt-contrib-compass@0.7.2 wants grunt@~0.4.0
55 error peerinvalid Peer grunt-contrib-concat@0.4.0 wants grunt@~0.4.0
55 error peerinvalid Peer grunt-contrib-connect@0.7.1 wants grunt@~0.4.0
55 error peerinvalid Peer grunt-contrib-copy@0.5.0 wants grunt@~0.4.0
55 error peerinvalid Peer grunt-contrib-cssmin@0.9.0 wants grunt@~0.4.1
55 error peerinvalid Peer grunt-contrib-htmlmin@0.3.0 wants grunt@~0.4.0
55 error peerinvalid Peer grunt-contrib-imagemin@0.7.0 wants grunt@^0.4.0
55 error peerinvalid Peer grunt-contrib-jshint@0.10.0 wants grunt@~0.4.0
55 error peerinvalid Peer grunt-contrib-uglify@0.4.0 wants grunt@^0.4.0
55 error peerinvalid Peer grunt-contrib-watch@0.6.1 wants grunt@~0.4.0
55 error peerinvalid Peer grunt-filerev@0.2.1 wants grunt@>=0.4.0
55 error peerinvalid Peer grunt-karma@0.8.3 wants grunt@0.4.x
55 error peerinvalid Peer grunt-newer@0.7.0 wants grunt@~0.4.1
55 error peerinvalid Peer grunt-svgmin@0.4.0 wants grunt@~0.4.0
55 error peerinvalid Peer grunt-usemin@2.4.0 wants grunt@>=0.4.0
55 error peerinvalid Peer grunt-wiredep@1.8.0 wants grunt@~0.4.0
56 error System Darwin 13.3.0
57 error command "node" "/usr/local/bin/npm" "install"
58 error cwd /Users/carminem/Sviluppo/angular/sseplayground/client
59 error node -v v0.10.31
60 error npm -v 2.0.0-beta.0
61 error code EPEERINVALID
62 verbose exit [ 1, true ]
